<?xml version="1.0" encoding="UTF-8"?>
<!-- Generated by org.testng.reporters.JUnitReportReporter -->
<testsuite hostname="DESKTOP-AHJ7FPI" failures="0" tests="1" name="com.Test.LeftTabFunction.FormFill" time="5.002" errors="0" timestamp="2025-01-30T21:07:44 IST" skipped="0">
  <testcase classname="com.Test.LeftTabFunction.FormFill" name="FillForm" time="5.002"/>
</testsuite> <!-- com.Test.LeftTabFunction.FormFill -->
