<?xml version="1.0" encoding="UTF-8"?>
<!-- Generated by org.testng.reporters.JUnitReportReporter -->
<testsuite hostname="DESKTOP-AHJ7FPI" failures="0" tests="1" name="com.Test.LeftTab.RadioButton" time="13.010" errors="0" timestamp="2025-01-31T00:44:50 IST" skipped="0">
  <testcase classname="com.Test.LeftTab.RadioButton" name="radioButton" time="13.010"/>
</testsuite> <!-- com.Test.LeftTab.RadioButton -->
