<?xml version="1.0" encoding="UTF-8"?>
<!-- Generated by org.testng.reporters.JUnitReportReporter -->
<testsuite hostname="DESKTOP-AHJ7FPI" failures="0" tests="1" name="com.Test.LeftTab.MouseHover" time="5.544" errors="0" timestamp="2025-01-31T18:45:01 IST" skipped="0">
  <testcase classname="com.Test.LeftTab.MouseHover" name="mouseHover" time="5.544"/>
</testsuite> <!-- com.Test.LeftTab.MouseHover -->
