<?xml version="1.0" encoding="UTF-8"?>
<!-- Generated by org.testng.reporters.JUnitReportReporter -->
<testsuite hostname="DESKTOP-AHJ7FPI" failures="0" tests="1" name="com.Test.LeftTab.SelectorsTest" time="4.915" errors="0" timestamp="2025-01-30T22:44:21 IST" skipped="0">
  <testcase classname="com.Test.LeftTab.SelectorsTest" name="selectortest" time="4.915"/>
</testsuite> <!-- com.Test.LeftTab.SelectorsTest -->
