<?xml version="1.0" encoding="UTF-8"?>
<!-- Generated by org.testng.reporters.JUnitReportReporter -->
<testsuite hostname="DESKTOP-AHJ7FPI" failures="0" tests="1" name="com.Test.LeftTab.WikipediaTest" time="6.541" errors="0" timestamp="2025-01-31T17:20:11 IST" skipped="0">
  <testcase classname="com.Test.LeftTab.WikipediaTest" name="wikiSearch" time="6.541"/>
</testsuite> <!-- com.Test.LeftTab.WikipediaTest -->
