<?xml version="1.0" encoding="UTF-8"?>
<!-- Generated by org.testng.reporters.JUnitReportReporter -->
<testsuite hostname="DESKTOP-AHJ7FPI" failures="0" tests="1" name="com.Test.LeftTabFunction.LeftTab" time="5.010" errors="0" timestamp="2025-01-30T20:54:19 IST" skipped="0">
  <testcase classname="com.Test.LeftTabFunction.LeftTab" name="FillForm" time="5.010"/>
</testsuite> <!-- com.Test.LeftTabFunction.LeftTab -->
