<?xml version="1.0" encoding="UTF-8"?>
<!-- Generated by org.testng.reporters.JUnitReportReporter -->
<testsuite hostname="DESKTOP-AHJ7FPI" failures="0" tests="1" name="com.Test.LeftTab.DatePicker.DatePicker1" time="78.439" errors="0" timestamp="2025-01-30T23:33:08 IST" skipped="0">
  <testcase classname="com.Test.LeftTab.DatePicker.DatePicker1" name="pickDate1" time="78.439"/>
</testsuite> <!-- com.Test.LeftTab.DatePicker.DatePicker1 -->
