<?xml version="1.0" encoding="UTF-8"?>
<!-- Generated by org.testng.reporters.JUnitReportReporter -->
<testsuite hostname="DESKTOP-AHJ7FPI" failures="0" tests="2" name="com.Test.LeftTab.AlertsTest.ConfirmationAlert" time="16.934" errors="0" timestamp="2025-01-31T17:44:32 IST" skipped="0">
  <testcase classname="com.Test.LeftTab.AlertsTest.ConfirmationAlert" name="confirmationAlertAccept" time="8.320"/>
  <testcase classname="com.Test.LeftTab.AlertsTest.ConfirmationAlert" name="confirmationAlertDismiss" time="8.614"/>
</testsuite> <!-- com.Test.LeftTab.AlertsTest.ConfirmationAlert -->
