<?xml version="1.0" encoding="UTF-8"?>
<!-- Generated by org.testng.reporters.JUnitReportReporter -->
<testsuite hostname="DESKTOP-AHJ7FPI" failures="0" tests="1" name="com.Test.LeftTab.Tables.StaticTables" time="5.431" errors="0" timestamp="2025-01-31T11:33:47 IST" skipped="0">
  <testcase classname="com.Test.LeftTab.Tables.StaticTables" name="staticTables" time="5.431"/>
</testsuite> <!-- com.Test.LeftTab.Tables.StaticTables -->
