<?xml version="1.0" encoding="UTF-8"?>
<!-- Generated by org.testng.reporters.JUnitReportReporter -->
<testsuite hostname="DESKTOP-AHJ7FPI" failures="0" tests="1" name="com.Test.LeftTab.AlertsTest.SimpleAlert" time="4.894" errors="0" timestamp="2025-01-31T17:45:09 IST" skipped="0">
  <testcase classname="com.Test.LeftTab.AlertsTest.SimpleAlert" name="simpleAlert" time="4.894"/>
</testsuite> <!-- com.Test.LeftTab.AlertsTest.SimpleAlert -->
