<?xml version="1.0" encoding="UTF-8"?>
<!-- Generated by org.testng.reporters.JUnitReportReporter -->
<testsuite hostname="DESKTOP-AHJ7FPI" failures="0" tests="1" name="com.Test.LeftTab.CountrySelector" time="5.113" errors="0" timestamp="2025-01-30T22:21:57 IST" skipped="0">
  <testcase classname="com.Test.LeftTab.CountrySelector" name="FillForm" time="5.113"/>
</testsuite> <!-- com.Test.LeftTab.CountrySelector -->
