<?xml version="1.0" encoding="UTF-8"?>
<!-- Generated by org.testng.reporters.JUnitReportReporter -->
<testsuite hostname="DESKTOP-AHJ7FPI" failures="0" tests="1" name="com.Test.LeftTab.DatePicker.DatePicker2" time="7.020" errors="0" timestamp="2025-01-31T00:35:36 IST" skipped="0">
  <testcase classname="com.Test.LeftTab.DatePicker.DatePicker2" name="datePick2" time="7.020"/>
</testsuite> <!-- com.Test.LeftTab.DatePicker.DatePicker2 -->
