<?xml version="1.0" encoding="UTF-8"?>
<!-- Generated by org.testng.reporters.JUnitReportReporter -->
<testsuite hostname="DESKTOP-AHJ7FPI" failures="0" tests="1" name="com.Test.LeftTab.UploalFiles.UploadFiles" time="8.367" errors="0" timestamp="2025-01-31T10:13:08 IST" skipped="0">
  <testcase classname="com.Test.LeftTab.UploalFiles.UploadFiles" name="uploadFiles" time="8.367"/>
</testsuite> <!-- com.Test.LeftTab.UploalFiles.UploadFiles -->
