<?xml version="1.0" encoding="UTF-8"?>
<!-- Generated by org.testng.reporters.JUnitReportReporter -->
<testsuite hostname="DESKTOP-AHJ7FPI" failures="0" tests="1" name="com.Test.LeftTab.NewTabTest" time="6.414" errors="0" timestamp="2025-01-31T18:18:58 IST" skipped="0">
  <testcase classname="com.Test.LeftTab.NewTabTest" name="tabTest" time="6.414"/>
</testsuite> <!-- com.Test.LeftTab.NewTabTest -->
