<?xml version="1.0" encoding="UTF-8"?>
<!-- Generated by org.testng.reporters.JUnitReportReporter -->
<testsuite hostname="DESKTOP-AHJ7FPI" failures="0" tests="1" name="com.Test.LeftTab.DoubleClick" time="6.583" errors="0" timestamp="2025-02-01T12:09:08 IST" skipped="0">
  <testcase classname="com.Test.LeftTab.DoubleClick" name="doubleClick" time="6.583"/>
</testsuite> <!-- com.Test.LeftTab.DoubleClick -->
