<?xml version="1.0" encoding="UTF-8"?>
<!-- Generated by org.testng.reporters.JUnitReportReporter -->
<testsuite hostname="DESKTOP-AHJ7FPI" failures="0" tests="1" name="com.Test.LeftTab.Tables.DynamicTables" time="5.284" errors="0" timestamp="2025-01-31T11:19:12 IST" skipped="0">
  <testcase classname="com.Test.LeftTab.Tables.DynamicTables" name="dynamicTable" time="5.284"/>
</testsuite> <!-- com.Test.LeftTab.Tables.DynamicTables -->
