<?xml version="1.0" encoding="UTF-8"?>
<!-- Generated by org.testng.reporters.JUnitReportReporter -->
<testsuite hostname="DESKTOP-AHJ7FPI" failures="0" tests="1" name="com.Test.LeftTab.DragAndDrop" time="9.668" errors="0" timestamp="2025-02-01T12:41:10 IST" skipped="0">
  <testcase classname="com.Test.LeftTab.DragAndDrop" name="dragAndDrop" time="9.668"/>
</testsuite> <!-- com.Test.LeftTab.DragAndDrop -->
