<?xml version="1.0" encoding="UTF-8"?>
<!-- Generated by org.testng.reporters.JUnitReportReporter -->
<testsuite hostname="DESKTOP-AHJ7FPI" failures="0" tests="1" name="com.Test.LeftTab.DynamicButtonTest" time="5.048" errors="0" timestamp="2025-01-31T17:37:25 IST" skipped="0">
  <testcase classname="com.Test.LeftTab.DynamicButtonTest" name="dynamicButton" time="5.048"/>
</testsuite> <!-- com.Test.LeftTab.DynamicButtonTest -->
