<?xml version="1.0" encoding="UTF-8"?>
<!-- Generated by org.testng.reporters.JUnitReportReporter -->
<testsuite hostname="DESKTOP-AHJ7FPI" failures="0" tests="1" name="com.Test.LeftTab.UploalFiles.UploadFile" time="10.883" errors="0" timestamp="2025-01-31T10:11:00 IST" skipped="0">
  <testcase classname="com.Test.LeftTab.UploalFiles.UploadFile" name="uploadFile" time="10.883"/>
</testsuite> <!-- com.Test.LeftTab.UploalFiles.UploadFile -->
