<?xml version="1.0" encoding="UTF-8"?>
<!-- Generated by org.testng.reporters.JUnitReportReporter -->
<testsuite hostname="DESKTOP-AHJ7FPI" failures="0" tests="1" name="com.Test.LeftTab.AlertsTest.PromptAlert" time="4.993" errors="0" timestamp="2025-01-31T17:59:19 IST" skipped="0">
  <testcase classname="com.Test.LeftTab.AlertsTest.PromptAlert" name="PromptAlert" time="4.993"/>
</testsuite> <!-- com.Test.LeftTab.AlertsTest.PromptAlert -->
