<?xml version="1.0" encoding="UTF-8"?>
<!-- Generated by org.testng.reporters.JUnitReportReporter -->
<testsuite hostname="DESKTOP-AHJ7FPI" failures="0" tests="1" name="com.Test.LeftTab.DatePicker.DartePicker3" time="6.003" errors="0" timestamp="2025-01-31T00:58:31 IST" skipped="0">
  <testcase classname="com.Test.LeftTab.DatePicker.DartePicker3" name="datepick3" time="6.003"/>
</testsuite> <!-- com.Test.LeftTab.DatePicker.DartePicker3 -->
